<?xml version="1.0" encoding="UTF-8"?>
<!-- Generated by org.testng.reporters.JUnitReportReporter -->
<testsuite hostname="MANGESH-PC" name="com.orangehrm.testcases.VerifyOrangeLogin" tests="1" failures="0" timestamp="1 Jul 2017 09:42:33 GMT" time="24.153" errors="0">
  <testcase name="verifyValidLogin" time="24.153" classname="com.orangehrm.testcases.VerifyOrangeLogin"/>
</testsuite>
